<?xml version="1.0" encoding="UTF-8"?>
<!-- Generated by org.testng.reporters.JUnitReportReporter -->
<testsuite hostname="D-INE-BQ57BS2" failures="0" tests="1" name="com.Runner.TestngRunner" time="6.751" errors="0" timestamp="2023-11-07T12:14:20 IST" skipped="0">
  <testcase classname="com.Runner.TestngRunner" name="runScenario" time="6.751"/>
</testsuite> <!-- com.Runner.TestngRunner -->
